Arguments: 
  /Users/brianyingling/.nvm/versions/node/v6.9.1/bin/node /Users/brianyingling/.nvm/versions/node/v6.9.1/bin/yarn install

PATH: 
  /Users/brianyingling/.cargo/bin:/Users/brianyingling/.rvm/gems/ruby-2.3.0/bin:/Users/brianyingling/.rvm/gems/ruby-2.3.0@global/bin:/Users/brianyingling/.rvm/rubies/ruby-2.3.0/bin:/opt/local/bin:/opt/local/sbin:/Users/brianyingling/.nvm/versions/node/v6.9.1/bin:/Users/brianyingling/.dnx/runtimes/dnx-mono.1.0.0-rc1-update1/bin:/Users/brianyingling/Library/Python/2.7/bin:/usr/local/bin:/usr/bin:/bin:/usr/sbin:/sbin:/usr/local/share/dotnet/bin:/usr/local/go/bin:/Users/brianyingling/.cargo/bin:/Users/brianyingling/.rvm/gems/ruby-2.3.0/bin:/Users/brianyingling/.rvm/gems/ruby-2.3.0@global/bin:/Users/brianyingling/.rvm/rubies/ruby-2.3.0/bin:/opt/local/bin:/opt/local/sbin:/Users/brianyingling/.dnx/bin:/Users/brianyingling/Library/Python/2.7/bin:/Users/brianyingling/.rvm/bin

Yarn version: 
  1.1.0

Node version: 
  6.9.1

Platform: 
  darwin x64

npm manifest: 
  {
      "name": "react-ssr",
      "version": "1.0.0",
      "description": "Server side rendering project",
      "main": "index.js",
      "scripts": {
      },
      "author": "",
      "license": "ISC",
      "dependencies": {
        "axios": "0.16.2",
        "babel-cli": "6.26.0",
        "babel-core": "6.26.0",
        "babel-loader": "7.1.2",
        "babel-preset-env": "1.6.0",
        "babel-preset-es2015": "6.24.1",
        "babel-preset-es2017": "6.24.1",
        "babel-preset-react": "6.24.1",
        "babel-preset-stage-0": "6.24.1",
        "compression": "1.7.0",
        "concurrently": "3.5.0",
        "express": "4.15.4",
        "express-http-proxy": "1.0.6",
        "lodash": "4.17.4",
        "nodemon": "1.12.0",
        "npm-run-all": "4.1.1",
        "react": "16.0.0",
        "react-dom": "16.0.0",
        "react-helmet": "5.2.0",
        "react-redux": "5.0.6",
        "react-router-config": "1.0.0-beta.4",
        "react-router-dom": "4.2.2",
        "redux": "3.7.2",
        "redux-thunk": "2.2.0",
        "serialize-javascript": "1.4.0",
        "webpack": "3.5.6",
        "webpack-dev-server": "2.8.2",
        "webpack-merge": "4.1.0",
        "webpack-node-externals": "1.6.0"
      }
    }

yarn manifest: 
  No manifest

Lockfile: 
  No lockfile

Trace: 
  Error: https://artifacts.notjet.net/api/npm/npm/axios: ETIMEDOUT
      at Timeout._onTimeout (/Users/brianyingling/.nvm/versions/node/v6.9.1/lib/node_modules/yarn/lib/cli.js:122581:19)
      at ontimeout (timers.js:365:14)
      at tryOnTimeout (timers.js:237:5)
      at Timer.listOnTimeout (timers.js:207:5)
